<?xml version="1.0" encoding="utf-8"?><testsuites name="pytest tests"><testsuite name="pytest" errors="0" failures="0" skipped="0" tests="9" time="2.678" timestamp="2026-09-09T04:16:15.032655+00:00" hostname="agent-env-694786e1-f003-4a4a-9b3f-4a6b0c3ad827"><testcase classname="tests.test_new_features.TestGoogleAuth" name="test_google_invalid_session_returns_401" time="0.502" /><testcase classname="tests.test_new_features.TestAuthRegression" name="test_login_returns_token_and_user" time="0.409" /><testcase classname="tests.test_new_features.TestAuthRegression" name="test_me_works" time="0.173" /><testcase classname="tests.test_new_features.TestGoogleAuth" name="test_google_missing_body" time="0.201" /><testcase classname="tests.test_new_features.TestAuthRegression" name="test_signup_returns_token_and_user" time="0.482" /><testcase classname="tests.test_new_features.TestDashboardTrainedToday" name="test_smoke_dashboard_has_trained_today" time="0.263" /><testcase classname="tests.test_new_features.TestProgressTrends" name="test_trends_shape" time="0.763" /><testcase classname="tests.test_new_features.TestProgressTrends" name="test_trends_requires_auth" time="0.255" /><testcase classname="tests.test_new_features.TestDashboardTrainedToday" name="test_fresh_user_trained_today_false" time="0.723" /></testsuite></testsuites>