<?xml version="1.0" encoding="utf-8"?><testsuites name="pytest tests"><testsuite name="pytest" errors="0" failures="1" skipped="0" tests="14" time="7.324" timestamp="2026-09-09T04:34:37.298348+00:00" hostname="agent-env-694786e1-f003-4a4a-9b3f-4a6b0c3ad827"><testcase classname="tests.test_iter3.TestRegression" name="test_dashboard_has_required_fields" time="0.686" /><testcase classname="tests.test_iter3.TestSessions" name="test_finish_empty_shots_400" time="2.713" /><testcase classname="tests.test_iter3.TestRegression" name="test_me_still_works" time="0.143" /><testcase classname="tests.test_iter3.TestRegression" name="test_signup_still_works" time="0.435" /><testcase classname="tests.test_iter3.TestRegression" name="test_shots_log_regression" time="0.119" /><testcase classname="tests.test_iter3.TestCoachMemory" name="test_chat_returns_reply_and_session_id" time="1.867" /><testcase classname="tests.test_iter3.TestSessions" name="test_finish_ok" time="3.558"><failure message="AssertionError: assert (0 - 0) == 6&#10; +  where 0 = len([])&#10; +    where [] = &lt;built-in method get of dict object at 0xfd0138aa9d40&gt;('shots', [])&#10; +      where &lt;built-in method get of dict object at 0xfd0138aa9d40&gt; = {'total': 28, 'makes': 18, 'pct': 64, 'by_zone': {'corner-L': {'makes': 4, 'attempts': 7}, 'wing-R': {'makes': 2, 'attempts': 2}, 'top': {'makes': 6, 'attempts': 10}, 'paint': {'makes': 3, 'attempts': 5}, ...}}.get">backend/tests/test_iter3.py:86: in test_finish_ok
    assert len(after.get("shots", [])) - base_count == 6
E   AssertionError: assert (0 - 0) == 6
E    +  where 0 = len([])
E    +    where [] = &lt;built-in method get of dict object at 0xfd0138aa9d40&gt;('shots', [])
E    +      where &lt;built-in method get of dict object at 0xfd0138aa9d40&gt; = {'total': 28, 'makes': 18, 'pct': 64, 'by_zone': {'corner-L': {'makes': 4, 'attempts': 7}, 'wing-R': {'makes': 2, 'attempts': 2}, 'top': {'makes': 6, 'attempts': 10}, 'paint': {'makes': 3, 'attempts': 5}, ...}}.get</failure></testcase><testcase classname="tests.test_iter3.TestCoachMemory" name="test_history_persisted" time="0.117" /><testcase classname="tests.test_iter3.TestGoals" name="test_get_goals_seeded_from_profile" time="0.210" /><testcase classname="tests.test_iter3.TestGoals" name="test_update_goal_persists_and_clamps" time="0.845" /><testcase classname="tests.test_iter3.TestSessions" name="test_list_sessions_contains_new" time="0.122" /><testcase classname="tests.test_iter3.TestSessions" name="test_get_session_by_id" time="0.132" /><testcase classname="tests.test_iter3.TestSessions" name="test_get_unknown_session_404" time="0.148" /><testcase classname="tests.test_iter3.TestSessions" name="test_finish_bumped_streak_workout" time="0.123" /></testsuite></testsuites>