<?xml version="1.0" encoding="utf-8"?><testsuites name="pytest tests"><testsuite name="pytest" errors="0" failures="1" skipped="0" tests="20" time="44.985" timestamp="2026-09-09T04:52:07.560837+00:00" hostname="agent-env-694786e1-f003-4a4a-9b3f-4a6b0c3ad827"><testcase classname="tests.test_iter4.TestArchetype" name="test_current" time="0.852" /><testcase classname="tests.test_iter4.TestIQ" name="test_scenarios_meta" time="1.057" /><testcase classname="tests.test_iter4.TestArchetype" name="test_target_persists_and_returns_real_players" time="0.366"><failure message="TypeError: string indices must be integers, not 'str'">backend/tests/test_iter4.py:227: in test_target_persists_and_returns_real_players
    real_ids = {p["id"] for p in real_players}
               ^^^^^^^^^^^^^^^^^^^^^^^^^^^^^^^
backend/tests/test_iter4.py:227: in &lt;setcomp&gt;
    real_ids = {p["id"] for p in real_players}
                ^^^^^^^
E   TypeError: string indices must be integers, not 'str'</failure></testcase><testcase classname="tests.test_iter4.TestIQ" name="test_next_hides_answer" time="0.140" /><testcase classname="tests.test_iter4.TestIQ" name="test_next_category_filter" time="0.131" /><testcase classname="tests.test_iter4.TestArchetype" name="test_build_ai" time="23.560" /><testcase classname="tests.test_iter4.TestIQ" name="test_answer_correct_grades" time="1.175" /><testcase classname="tests.test_iter4.TestIQ" name="test_answer_unknown_scenario_404" time="0.149" /><testcase classname="tests.test_iter4.TestIQ" name="test_profile_updates_after_attempts" time="1.800" /><testcase classname="tests.test_iter4.TestIQ" name="test_insights_gates_under_6" time="0.673" /><testcase classname="tests.test_iter4.TestIQ" name="test_insights_when_enough" time="4.894" /><testcase classname="tests.test_iter4.TestDNA" name="test_dna_shape_and_snapshot" time="0.128" /><testcase classname="tests.test_iter4.TestDNA" name="test_dna_fresh_shows_not_enough" time="0.147" /><testcase classname="tests.test_iter4.TestDNA" name="test_dna_isolation" time="0.285" /><testcase classname="tests.test_iter4.TestIsolation" name="test_fresh_iq_profile_isolated" time="0.512" /><testcase classname="tests.test_iter4.TestArchetype" name="test_experiment_ai" time="12.741" /><testcase classname="tests.test_iter4.TestRegression" name="test_coach_chat_ok" time="6.192" /><testcase classname="tests.test_iter4.TestRegression" name="test_dashboard_regression" time="0.155" /><testcase classname="tests.test_iter4.TestRegression" name="test_shots_regression" time="0.117" /><testcase classname="tests.test_iter4.TestRegression" name="test_goals_regression" time="0.135" /></testsuite></testsuites>