<?xml version="1.0" encoding="utf-8"?><testsuites name="pytest tests"><testsuite name="pytest" errors="0" failures="0" skipped="0" tests="24" time="30.231" timestamp="2026-09-08T19:57:42.580914+00:00" hostname="agent-env-694786e1-f003-4a4a-9b3f-4a6b0c3ad827"><testcase classname="tests.backend_test.TestAuth" name="test_signup_new_user" time="0.408" /><testcase classname="tests.backend_test.TestAuth" name="test_login_valid" time="0.458" /><testcase classname="tests.backend_test.TestAuth" name="test_login_invalid" time="0.310" /><testcase classname="tests.backend_test.TestPlayers" name="test_players_list" time="1.181" /><testcase classname="tests.backend_test.TestPlayers" name="test_player_seed" time="0.312" /><testcase classname="tests.backend_test.TestAuth" name="test_me" time="0.457" /><testcase classname="tests.backend_test.TestPlayers" name="test_player_ai_lookup" time="4.923" /><testcase classname="tests.backend_test.TestAuth" name="test_me_no_token" time="0.164" /><testcase classname="tests.backend_test.TestSkills" name="test_skills_list" time="0.162" /><testcase classname="tests.backend_test.TestSkills" name="test_skill_detail" time="0.197" /><testcase classname="tests.backend_test.TestShots" name="test_shot_log_and_stats" time="1.230" /><testcase classname="tests.backend_test.TestWorkouts" name="test_workout_log_streak" time="0.148" /><testcase classname="tests.backend_test.TestCoach" name="test_coach_chat_and_history" time="7.589" /><testcase classname="tests.backend_test.TestOnboarding" name="test_onboarding_persists" time="0.790" /><testcase classname="tests.backend_test.TestDashboard" name="test_dashboard_shape" time="0.174" /><testcase classname="tests.backend_test.TestAchievements" name="test_achievements" time="0.152" /><testcase classname="tests.backend_test.TestChallenge" name="test_challenge_log_and_history" time="0.389" /><testcase classname="tests.backend_test.TestWeeklyReport" name="test_weekly" time="0.145" /><testcase classname="tests.backend_test.TestTTS" name="test_tts_and_cache" time="0.437" /><testcase classname="tests.backend_test.TestVideo" name="test_upload_and_serve" time="1.401" /><testcase classname="tests.backend_test.TestFormAnalysis" name="test_form_analyze" time="5.664" /><testcase classname="tests.backend_test.TestTrainingPlan" name="test_plan_json_shape" time="18.415" /><testcase classname="tests.backend_test.TestVideoAnalysis" name="test_video_analyze" time="6.784" /><testcase classname="tests.backend_test.TestArchetypes" name="test_archetypes" time="0.175" /></testsuite></testsuites>